{"name": "Переход в раздел «История заказов»", "status": "broken", "statusDetails": {"message": "selenium.common.exceptions.TimeoutException: Message: Not found ('xpath', \"//a[@href='/account/order-history']\")\nStacktrace:\n\tGetHandleVerifier [0x00007FF74D369642+30946]\n\t(No symbol) [0x00007FF74D31E3D9]\n\t(No symbol) [0x00007FF74D216FDA]\n\t(No symbol) [0x00007FF74D26822C]\n\t(No symbol) [0x00007FF74D26850C]\n\t(No symbol) [0x00007FF74D2ADCB7]\n\t(No symbol) [0x00007FF74D28CAAF]\n\t(No symbol) [0x00007FF74D2AB041]\n\t(No symbol) [0x00007FF74D28C813]\n\t(No symbol) [0x00007FF74D25A6E5]\n\t(No symbol) [0x00007FF74D25B021]\n\tGetHandleVerifier [0x00007FF74D49F84D+1301229]\n\tGetHandleVerifier [0x00007FF74D4ABDC7+1351783]\n\tGetHandleVerifier [0x00007FF74D4A2A13+1313971]\n\tGetHandleVerifier [0x00007FF74D39DD16+245686]\n\t(No symbol) [0x00007FF74D32759F]\n\t(No symbol) [0x00007FF74D323814]\n\t(No symbol) [0x00007FF74D3239A2]\n\t(No symbol) [0x00007FF74D31A3FF]\n\tBaseThreadInitThunk [0x00007FFB390E257D+29]\n\tRtlUserThreadStart [0x00007FFB3A82AF28+40]", "trace": "self = <tests.test_personal_account.TestPersonalAcc object at 0x00000134C4D5DF10>, driver = <selenium.webdriver.chrome.webdriver.WebDriver (session=\"0f16d279df057c28e178dd97f7e0ac2d\")>\nuser_credentials = {'accessToken': 'Bearer eyJhbGciOiJIUzI1NiIsInR5cCI6IkpXVCJ9.eyJpZCI6IjY2YzFlM2ZlOWVkMjgwMDAxYjQ5ODkzZCIsImlhdCI6MTcyM...E-X4fu7IAR_06EFxXsbgBLEqk_WGHVWCPxAu0wo', 'email': 'nliydof@tyhmn.com', 'name': 'ohskmouzro', 'password': 'jdcwbcxnms'}\n\n    @allure.title('Переход в раздел «История заказов»')\n    @allure.description('Регистрируем пользователя, кликаем на Личный кабинет. Проверяем урл')\n    def test_order_history(self, driver, user_credentials):\n        user_page = PersonalAccPage(driver)\n        user_page.click_personal_acc()\n        user_page.login_user(user_credentials['email'], user_credentials['password'])\n        user_page.click_personal_acc()\n>       user_page.click_history_order()\n\ntests\\test_personal_account.py:25: \n_ _ _ _ _ _ _ _ _ _ _ _ _ _ _ _ _ _ _ _ _ _ _ _ _ _ _ _ _ _ _ _ _ _ _ _ _ _ _ _ _ _ _ _ _ _ _ _ _ _ _ _ _ _ _ _ _ _ _ _ _ _ _ _ _ _ _ _ _ _ _ _ _ _ _ _ _ _ _ _ _ _ _ _ _ _ _ _ _ _ _ _ _ _ _ _ _ _ _ _ _ _ _ _ _ _ _ _ _ _ _ _ _ _\npages\\personal_account_page.py:22: in click_history_order\n    self.find_element_located(Login.ORDER_HISTORY_BTN).click()\npages\\base_page.py:14: in find_element_located\n    return WebDriverWait(self.driver, time).until(EC.visibility_of_element_located(locator), message=f'Not found {locator}')\n_ _ _ _ _ _ _ _ _ _ _ _ _ _ _ _ _ _ _ _ _ _ _ _ _ _ _ _ _ _ _ _ _ _ _ _ _ _ _ _ _ _ _ _ _ _ _ _ _ _ _ _ _ _ _ _ _ _ _ _ _ _ _ _ _ _ _ _ _ _ _ _ _ _ _ _ _ _ _ _ _ _ _ _ _ _ _ _ _ _ _ _ _ _ _ _ _ _ _ _ _ _ _ _ _ _ _ _ _ _ _ _ _ _\n\nself = <selenium.webdriver.support.wait.WebDriverWait (session=\"0f16d279df057c28e178dd97f7e0ac2d\")>, method = <function visibility_of_element_located.<locals>._predicate at 0x00000134C4E0E840>\nmessage = 'Not found (\\'xpath\\', \"//a[@href=\\'/account/order-history\\']\")'\n\n    def until(self, method: Callable[[D], Union[Literal[False], T]], message: str = \"\") -> T:\n        \"\"\"Calls the method provided with the driver as an argument until the \\\n        return value does not evaluate to ``False``.\n    \n        :param method: callable(WebDriver)\n        :param message: optional message for :exc:`TimeoutException`\n        :returns: the result of the last call to `method`\n        :raises: :exc:`selenium.common.exceptions.TimeoutException` if timeout occurs\n        \"\"\"\n        screen = None\n        stacktrace = None\n    \n        end_time = time.monotonic() + self._timeout\n        while True:\n            try:\n                value = method(self._driver)\n                if value:\n                    return value\n            except self._ignored_exceptions as exc:\n                screen = getattr(exc, \"screen\", None)\n                stacktrace = getattr(exc, \"stacktrace\", None)\n            time.sleep(self._poll)\n            if time.monotonic() > end_time:\n                break\n>       raise TimeoutException(message, screen, stacktrace)\nE       selenium.common.exceptions.TimeoutException: Message: Not found ('xpath', \"//a[@href='/account/order-history']\")\nE       Stacktrace:\nE       \tGetHandleVerifier [0x00007FF74D369642+30946]\nE       \t(No symbol) [0x00007FF74D31E3D9]\nE       \t(No symbol) [0x00007FF74D216FDA]\nE       \t(No symbol) [0x00007FF74D26822C]\nE       \t(No symbol) [0x00007FF74D26850C]\nE       \t(No symbol) [0x00007FF74D2ADCB7]\nE       \t(No symbol) [0x00007FF74D28CAAF]\nE       \t(No symbol) [0x00007FF74D2AB041]\nE       \t(No symbol) [0x00007FF74D28C813]\nE       \t(No symbol) [0x00007FF74D25A6E5]\nE       \t(No symbol) [0x00007FF74D25B021]\nE       \tGetHandleVerifier [0x00007FF74D49F84D+1301229]\nE       \tGetHandleVerifier [0x00007FF74D4ABDC7+1351783]\nE       \tGetHandleVerifier [0x00007FF74D4A2A13+1313971]\nE       \tGetHandleVerifier [0x00007FF74D39DD16+245686]\nE       \t(No symbol) [0x00007FF74D32759F]\nE       \t(No symbol) [0x00007FF74D323814]\nE       \t(No symbol) [0x00007FF74D3239A2]\nE       \t(No symbol) [0x00007FF74D31A3FF]\nE       \tBaseThreadInitThunk [0x00007FFB390E257D+29]\nE       \tRtlUserThreadStart [0x00007FFB3A82AF28+40]\n\n.venv\\Lib\\site-packages\\selenium\\webdriver\\support\\wait.py:105: TimeoutException"}, "description": "Регистрируем пользователя, кликаем на Личный кабинет. Проверяем урл", "steps": [{"name": "Клик по Личному кабинету", "status": "passed", "steps": [{"name": "Поиск нужного элемента", "status": "passed", "parameters": [{"name": "locator", "value": "('xpath', \"//a[@href='/account']\")"}, {"name": "time", "value": "20"}], "start": 1723982846418, "stop": 1723982846432}], "start": 1723982846418, "stop": 1723982846468}, {"name": "Ввести почту и пароль", "status": "passed", "steps": [{"name": "Поиск нужного элемента", "status": "passed", "parameters": [{"name": "locator", "value": "('xpath', \"//input[@type='text']\")"}, {"name": "time", "value": "20"}], "start": 1723982846468, "stop": 1723982846482}, {"name": "Поиск нужного элемента", "status": "passed", "parameters": [{"name": "locator", "value": "('xpath', \"//input[contains(@type, 'password')]\")"}, {"name": "time", "value": "20"}], "start": 1723982846549, "stop": 1723982846562}, {"name": "Поиск нужного элемента", "status": "passed", "parameters": [{"name": "locator", "value": "('xpath', \"//button[contains(@class, 'button')]\")"}, {"name": "time", "value": "20"}], "start": 1723982846609, "stop": 1723982846620}], "parameters": [{"name": "email", "value": "'nliydof@tyhmn.com'"}, {"name": "password", "value": "'jdcwbcxnms'"}], "start": 1723982846468, "stop": 1723982846640}, {"name": "Клик по Личному кабинету", "status": "passed", "steps": [{"name": "Поиск нужного элемента", "status": "passed", "parameters": [{"name": "locator", "value": "('xpath', \"//a[@href='/account']\")"}, {"name": "time", "value": "20"}], "start": 1723982846640, "stop": 1723982846648}], "start": 1723982846640, "stop": 1723982846673}, {"name": "Нажатие Истории закозав из личного кабинета", "status": "broken", "statusDetails": {"message": "selenium.common.exceptions.TimeoutException: Message: Not found ('xpath', \"//a[@href='/account/order-history']\")\nStacktrace:\n\tGetHandleVerifier [0x00007FF74D369642+30946]\n\t(No symbol) [0x00007FF74D31E3D9]\n\t(No symbol) [0x00007FF74D216FDA]\n\t(No symbol) [0x00007FF74D26822C]\n\t(No symbol) [0x00007FF74D26850C]\n\t(No symbol) [0x00007FF74D2ADCB7]\n\t(No symbol) [0x00007FF74D28CAAF]\n\t(No symbol) [0x00007FF74D2AB041]\n\t(No symbol) [0x00007FF74D28C813]\n\t(No symbol) [0x00007FF74D25A6E5]\n\t(No symbol) [0x00007FF74D25B021]\n\tGetHandleVerifier [0x00007FF74D49F84D+1301229]\n\tGetHandleVerifier [0x00007FF74D4ABDC7+1351783]\n\tGetHandleVerifier [0x00007FF74D4A2A13+1313971]\n\tGetHandleVerifier [0x00007FF74D39DD16+245686]\n\t(No symbol) [0x00007FF74D32759F]\n\t(No symbol) [0x00007FF74D323814]\n\t(No symbol) [0x00007FF74D3239A2]\n\t(No symbol) [0x00007FF74D31A3FF]\n\tBaseThreadInitThunk [0x00007FFB390E257D+29]\n\tRtlUserThreadStart [0x00007FFB3A82AF28+40]\n\n", "trace": "  File \"C:\\Yandex\\Diplom\\Diplom_3\\.venv\\Lib\\site-packages\\allure_commons\\_allure.py\", line 192, in impl\n    return func(*a, **kw)\n           ^^^^^^^^^^^^^^\n  File \"C:\\Yandex\\Diplom\\Diplom_3\\pages\\personal_account_page.py\", line 22, in click_history_order\n    self.find_element_located(Login.ORDER_HISTORY_BTN).click()\n    ^^^^^^^^^^^^^^^^^^^^^^^^^^^^^^^^^^^^^^^^^^^^^^^^^^\n  File \"C:\\Yandex\\Diplom\\Diplom_3\\.venv\\Lib\\site-packages\\allure_commons\\_allure.py\", line 192, in impl\n    return func(*a, **kw)\n           ^^^^^^^^^^^^^^\n  File \"C:\\Yandex\\Diplom\\Diplom_3\\pages\\base_page.py\", line 14, in find_element_located\n    return WebDriverWait(self.driver, time).until(EC.visibility_of_element_located(locator), message=f'Not found {locator}')\n           ^^^^^^^^^^^^^^^^^^^^^^^^^^^^^^^^^^^^^^^^^^^^^^^^^^^^^^^^^^^^^^^^^^^^^^^^^^^^^^^^^^^^^^^^^^^^^^^^^^^^^^^^^^^^^^^^^\n  File \"C:\\Yandex\\Diplom\\Diplom_3\\.venv\\Lib\\site-packages\\selenium\\webdriver\\support\\wait.py\", line 105, in until\n    raise TimeoutException(message, screen, stacktrace)\n"}, "steps": [{"name": "Поиск нужного элемента", "status": "broken", "statusDetails": {"message": "selenium.common.exceptions.TimeoutException: Message: Not found ('xpath', \"//a[@href='/account/order-history']\")\nStacktrace:\n\tGetHandleVerifier [0x00007FF74D369642+30946]\n\t(No symbol) [0x00007FF74D31E3D9]\n\t(No symbol) [0x00007FF74D216FDA]\n\t(No symbol) [0x00007FF74D26822C]\n\t(No symbol) [0x00007FF74D26850C]\n\t(No symbol) [0x00007FF74D2ADCB7]\n\t(No symbol) [0x00007FF74D28CAAF]\n\t(No symbol) [0x00007FF74D2AB041]\n\t(No symbol) [0x00007FF74D28C813]\n\t(No symbol) [0x00007FF74D25A6E5]\n\t(No symbol) [0x00007FF74D25B021]\n\tGetHandleVerifier [0x00007FF74D49F84D+1301229]\n\tGetHandleVerifier [0x00007FF74D4ABDC7+1351783]\n\tGetHandleVerifier [0x00007FF74D4A2A13+1313971]\n\tGetHandleVerifier [0x00007FF74D39DD16+245686]\n\t(No symbol) [0x00007FF74D32759F]\n\t(No symbol) [0x00007FF74D323814]\n\t(No symbol) [0x00007FF74D3239A2]\n\t(No symbol) [0x00007FF74D31A3FF]\n\tBaseThreadInitThunk [0x00007FFB390E257D+29]\n\tRtlUserThreadStart [0x00007FFB3A82AF28+40]\n\n", "trace": "  File \"C:\\Yandex\\Diplom\\Diplom_3\\.venv\\Lib\\site-packages\\allure_commons\\_allure.py\", line 192, in impl\n    return func(*a, **kw)\n           ^^^^^^^^^^^^^^\n  File \"C:\\Yandex\\Diplom\\Diplom_3\\pages\\base_page.py\", line 14, in find_element_located\n    return WebDriverWait(self.driver, time).until(EC.visibility_of_element_located(locator), message=f'Not found {locator}')\n           ^^^^^^^^^^^^^^^^^^^^^^^^^^^^^^^^^^^^^^^^^^^^^^^^^^^^^^^^^^^^^^^^^^^^^^^^^^^^^^^^^^^^^^^^^^^^^^^^^^^^^^^^^^^^^^^^^\n  File \"C:\\Yandex\\Diplom\\Diplom_3\\.venv\\Lib\\site-packages\\selenium\\webdriver\\support\\wait.py\", line 105, in until\n    raise TimeoutException(message, screen, stacktrace)\n"}, "parameters": [{"name": "locator", "value": "('xpath', \"//a[@href='/account/order-history']\")"}, {"name": "time", "value": "20"}], "start": 1723982846673, "stop": 1723982866953}], "start": 1723982846673, "stop": 1723982866953}], "parameters": [{"name": "driver", "value": "'chrome'"}], "start": 1723982846418, "stop": 1723982866955, "uuid": "292b7c67-58cc-4659-857b-fd783ad352b7", "historyId": "cc7a66d212910bea9f61c829d6141702", "testCaseId": "4ab973db39c7a35a1ff8391b97297758", "fullName": "tests.test_personal_account.TestPersonalAcc#test_order_history", "labels": [{"name": "parentSuite", "value": "tests"}, {"name": "suite", "value": "test_personal_account"}, {"name": "subSuite", "value": "TestPersonalAcc"}, {"name": "host", "value": "Allarien"}, {"name": "thread", "value": "46316-MainThread"}, {"name": "framework", "value": "pytest"}, {"name": "language", "value": "cpython3"}, {"name": "package", "value": "tests.test_personal_account"}]}